Android/NO2V1/app/build/intermediates/manifest_merge_blame_file/debug/manifest-merger-blame-debug-report.txt
1<?xml version="1.0" encoding="utf-8"?>
2<manifest xmlns:android="http://schemas.android.com/apk/res/android"
3    package="es.upv.no2v1"
4    android:versionCode="1"
5    android:versionName="1.0" >
6
7    <uses-sdk
8        android:minSdkVersion="21"
8-->src/main/AndroidManifest.xml
9        android:targetSdkVersion="30" />
9-->src/main/AndroidManifest.xml
10
11    <uses-permission android:name="android.permission.BLUETOOTH_ADMIN" />
11-->src/main/AndroidManifest.xml:6:5-74
11-->src/main/AndroidManifest.xml:6:22-71
12    <uses-permission android:name="android.permission.INTERNET" />
12-->src/main/AndroidManifest.xml:7:5-67
12-->src/main/AndroidManifest.xml:7:22-64
13    <uses-permission android:name="android.permission.ACCESS_NETWORK_STATE" />
13-->src/main/AndroidManifest.xml:8:5-79
13-->src/main/AndroidManifest.xml:8:22-76
14    <uses-permission android:name="android.permission.BLUETOOTH" />
14-->src/main/AndroidManifest.xml:9:5-68
14-->src/main/AndroidManifest.xml:9:22-65
15    <uses-permission android:name="android.permission.ACCESS_FINE_LOCATION" />
15-->src/main/AndroidManifest.xml:11:5-79
15-->src/main/AndroidManifest.xml:11:22-76
16    <uses-permission android:name="android.permission.ACCESS_COARSE_LOCATION" />
16-->src/main/AndroidManifest.xml:12:5-81
16-->src/main/AndroidManifest.xml:12:22-78
17    <uses-permission android:name="android.permission.BLUETOOTH" />
17-->src/main/AndroidManifest.xml:9:5-68
17-->src/main/AndroidManifest.xml:9:22-65
18
19    <uses-feature
19-->src/main/AndroidManifest.xml:14:5-89
20        android:name="android.hardware.bluetooth_le"
20-->src/main/AndroidManifest.xml:14:19-63
21        android:required="true" />
21-->src/main/AndroidManifest.xml:14:64-87
22
23    <uses-permission android:name="android.permission.READ_PHONE_STATE" />
23-->src/main/AndroidManifest.xml:15:5-75
23-->src/main/AndroidManifest.xml:15:22-72
24    <uses-permission android:name="android.permission.FOREGROUND_SERVICE" />
24-->src/main/AndroidManifest.xml:16:5-77
24-->src/main/AndroidManifest.xml:16:22-74
25    <uses-permission android:name="android.permission.ACCESS_BACKGROUND_LOCATION" />
25-->src/main/AndroidManifest.xml:17:5-85
25-->src/main/AndroidManifest.xml:17:22-82
26    <uses-permission android:name="android.permission.WAKE_LOCK" />
26-->[androidx.work:work-runtime:2.4.0] AndroidManifest.xml:25:5-68
26-->[androidx.work:work-runtime:2.4.0] AndroidManifest.xml:25:22-65
27    <uses-permission android:name="android.permission.RECEIVE_BOOT_COMPLETED" />
27-->[androidx.work:work-runtime:2.4.0] AndroidManifest.xml:27:5-81
27-->[androidx.work:work-runtime:2.4.0] AndroidManifest.xml:27:22-78
28    <uses-permission android:name="com.google.android.finsky.permission.BIND_GET_INSTALL_REFERRER_SERVICE" />
28-->[com.google.android.gms:play-services-measurement:18.0.0] AndroidManifest.xml:26:5-110
28-->[com.google.android.gms:play-services-measurement:18.0.0] AndroidManifest.xml:26:22-107
29
30    <application
30-->src/main/AndroidManifest.xml:20:5-38:19
31        android:name="es.upv.no2v1.App"
31-->src/main/AndroidManifest.xml:27:9-28
32        android:allowBackup="true"
32-->src/main/AndroidManifest.xml:21:9-35
33        android:appComponentFactory="androidx.core.app.CoreComponentFactory"
33-->[androidx.core:core:1.3.1] AndroidManifest.xml:24:18-86
34        android:debuggable="true"
35        android:icon="@mipmap/ic_launcher"
35-->src/main/AndroidManifest.xml:22:9-43
36        android:label="@string/app_name"
36-->src/main/AndroidManifest.xml:23:9-41
37        android:roundIcon="@mipmap/ic_launcher_round"
37-->src/main/AndroidManifest.xml:24:9-54
38        android:supportsRtl="true"
38-->src/main/AndroidManifest.xml:26:9-35
39        android:testOnly="true"
40        android:theme="@style/CustomTheme"
40-->src/main/AndroidManifest.xml:28:9-43
41        android:usesCleartextTraffic="true" >
41-->src/main/AndroidManifest.xml:25:9-44
42        <service android:name="es.upv.no2v1.Foreground" />
42-->src/main/AndroidManifest.xml:30:9-47
42-->src/main/AndroidManifest.xml:30:18-44
43
44        <activity android:name="es.upv.no2v1.MainActivity" >
44-->src/main/AndroidManifest.xml:32:9-37:20
44-->src/main/AndroidManifest.xml:32:19-47
45            <intent-filter>
45-->src/main/AndroidManifest.xml:33:13-36:29
46                <action android:name="android.intent.action.MAIN" />
46-->src/main/AndroidManifest.xml:34:17-69
46-->src/main/AndroidManifest.xml:34:25-66
47
48                <category android:name="android.intent.category.LAUNCHER" />
48-->src/main/AndroidManifest.xml:35:17-77
48-->src/main/AndroidManifest.xml:35:27-74
49            </intent-filter>
50        </activity>
51
52        <provider
52-->[androidx.work:work-runtime:2.4.0] AndroidManifest.xml:31:9-37:35
53            android:name="androidx.work.impl.WorkManagerInitializer"
53-->[androidx.work:work-runtime:2.4.0] AndroidManifest.xml:32:13-69
54            android:authorities="es.upv.no2v1.workmanager-init"
54-->[androidx.work:work-runtime:2.4.0] AndroidManifest.xml:33:13-68
55            android:directBootAware="false"
55-->[androidx.work:work-runtime:2.4.0] AndroidManifest.xml:34:13-44
56            android:exported="false"
56-->[androidx.work:work-runtime:2.4.0] AndroidManifest.xml:35:13-37
57            android:multiprocess="true" />
57-->[androidx.work:work-runtime:2.4.0] AndroidManifest.xml:36:13-40
58
59        <service
59-->[androidx.work:work-runtime:2.4.0] AndroidManifest.xml:39:9-44:35
60            android:name="androidx.work.impl.background.systemalarm.SystemAlarmService"
60-->[androidx.work:work-runtime:2.4.0] AndroidManifest.xml:40:13-88
61            android:directBootAware="false"
61-->[androidx.work:work-runtime:2.4.0] AndroidManifest.xml:41:13-44
62            android:enabled="@bool/enable_system_alarm_service_default"
62-->[androidx.work:work-runtime:2.4.0] AndroidManifest.xml:42:13-72
63            android:exported="false" />
63-->[androidx.work:work-runtime:2.4.0] AndroidManifest.xml:43:13-37
64        <service
64-->[androidx.work:work-runtime:2.4.0] AndroidManifest.xml:45:9-51:35
65            android:name="androidx.work.impl.background.systemjob.SystemJobService"
65-->[androidx.work:work-runtime:2.4.0] AndroidManifest.xml:46:13-84
66            android:directBootAware="false"
66-->[androidx.work:work-runtime:2.4.0] AndroidManifest.xml:47:13-44
67            android:enabled="@bool/enable_system_job_service_default"
67-->[androidx.work:work-runtime:2.4.0] AndroidManifest.xml:48:13-70
68            android:exported="true"
68-->[androidx.work:work-runtime:2.4.0] AndroidManifest.xml:49:13-36
69            android:permission="android.permission.BIND_JOB_SERVICE" />
69-->[androidx.work:work-runtime:2.4.0] AndroidManifest.xml:50:13-69
70        <service
70-->[androidx.work:work-runtime:2.4.0] AndroidManifest.xml:52:9-57:35
71            android:name="androidx.work.impl.foreground.SystemForegroundService"
71-->[androidx.work:work-runtime:2.4.0] AndroidManifest.xml:53:13-81
72            android:directBootAware="false"
72-->[androidx.work:work-runtime:2.4.0] AndroidManifest.xml:54:13-44
73            android:enabled="@bool/enable_system_foreground_service_default"
73-->[androidx.work:work-runtime:2.4.0] AndroidManifest.xml:55:13-77
74            android:exported="false" />
74-->[androidx.work:work-runtime:2.4.0] AndroidManifest.xml:56:13-37
75
76        <receiver
76-->[androidx.work:work-runtime:2.4.0] AndroidManifest.xml:59:9-64:35
77            android:name="androidx.work.impl.utils.ForceStopRunnable$BroadcastReceiver"
77-->[androidx.work:work-runtime:2.4.0] AndroidManifest.xml:60:13-88
78            android:directBootAware="false"
78-->[androidx.work:work-runtime:2.4.0] AndroidManifest.xml:61:13-44
79            android:enabled="true"
79-->[androidx.work:work-runtime:2.4.0] AndroidManifest.xml:62:13-35
80            android:exported="false" />
80-->[androidx.work:work-runtime:2.4.0] AndroidManifest.xml:63:13-37
81        <receiver
81-->[androidx.work:work-runtime:2.4.0] AndroidManifest.xml:65:9-75:20
82            android:name="androidx.work.impl.background.systemalarm.ConstraintProxy$BatteryChargingProxy"
82-->[androidx.work:work-runtime:2.4.0] AndroidManifest.xml:66:13-106
83            android:directBootAware="false"
83-->[androidx.work:work-runtime:2.4.0] AndroidManifest.xml:67:13-44
84            android:enabled="false"
84-->[androidx.work:work-runtime:2.4.0] AndroidManifest.xml:68:13-36
85            android:exported="false" >
85-->[androidx.work:work-runtime:2.4.0] AndroidManifest.xml:69:13-37
86            <intent-filter>
86-->[androidx.work:work-runtime:2.4.0] AndroidManifest.xml:71:13-74:29
87                <action android:name="android.intent.action.ACTION_POWER_CONNECTED" />
87-->[androidx.work:work-runtime:2.4.0] AndroidManifest.xml:72:17-87
87-->[androidx.work:work-runtime:2.4.0] AndroidManifest.xml:72:25-84
88                <action android:name="android.intent.action.ACTION_POWER_DISCONNECTED" />
88-->[androidx.work:work-runtime:2.4.0] AndroidManifest.xml:73:17-90
88-->[androidx.work:work-runtime:2.4.0] AndroidManifest.xml:73:25-87
89            </intent-filter>
90        </receiver>
91        <receiver
91-->[androidx.work:work-runtime:2.4.0] AndroidManifest.xml:76:9-86:20
92            android:name="androidx.work.impl.background.systemalarm.ConstraintProxy$BatteryNotLowProxy"
92-->[androidx.work:work-runtime:2.4.0] AndroidManifest.xml:77:13-104
93            android:directBootAware="false"
93-->[androidx.work:work-runtime:2.4.0] AndroidManifest.xml:78:13-44
94            android:enabled="false"
94-->[androidx.work:work-runtime:2.4.0] AndroidManifest.xml:79:13-36
95            android:exported="false" >
95-->[androidx.work:work-runtime:2.4.0] AndroidManifest.xml:80:13-37
96            <intent-filter>
96-->[androidx.work:work-runtime:2.4.0] AndroidManifest.xml:82:13-85:29
97                <action android:name="android.intent.action.BATTERY_OKAY" />
97-->[androidx.work:work-runtime:2.4.0] AndroidManifest.xml:83:17-77
97-->[androidx.work:work-runtime:2.4.0] AndroidManifest.xml:83:25-74
98                <action android:name="android.intent.action.BATTERY_LOW" />
98-->[androidx.work:work-runtime:2.4.0] AndroidManifest.xml:84:17-76
98-->[androidx.work:work-runtime:2.4.0] AndroidManifest.xml:84:25-73
99            </intent-filter>
100        </receiver>
101        <receiver
101-->[androidx.work:work-runtime:2.4.0] AndroidManifest.xml:87:9-97:20
102            android:name="androidx.work.impl.background.systemalarm.ConstraintProxy$StorageNotLowProxy"
102-->[androidx.work:work-runtime:2.4.0] AndroidManifest.xml:88:13-104
103            android:directBootAware="false"
103-->[androidx.work:work-runtime:2.4.0] AndroidManifest.xml:89:13-44
104            android:enabled="false"
104-->[androidx.work:work-runtime:2.4.0] AndroidManifest.xml:90:13-36
105            android:exported="false" >
105-->[androidx.work:work-runtime:2.4.0] AndroidManifest.xml:91:13-37
106            <intent-filter>
106-->[androidx.work:work-runtime:2.4.0] AndroidManifest.xml:93:13-96:29
107                <action android:name="android.intent.action.DEVICE_STORAGE_LOW" />
107-->[androidx.work:work-runtime:2.4.0] AndroidManifest.xml:94:17-83
107-->[androidx.work:work-runtime:2.4.0] AndroidManifest.xml:94:25-80
108                <action android:name="android.intent.action.DEVICE_STORAGE_OK" />
108-->[androidx.work:work-runtime:2.4.0] AndroidManifest.xml:95:17-82
108-->[androidx.work:work-runtime:2.4.0] AndroidManifest.xml:95:25-79
109            </intent-filter>
110        </receiver>
111        <receiver
111-->[androidx.work:work-runtime:2.4.0] AndroidManifest.xml:98:9-107:20
112            android:name="androidx.work.impl.background.systemalarm.ConstraintProxy$NetworkStateProxy"
112-->[androidx.work:work-runtime:2.4.0] AndroidManifest.xml:99:13-103
113            android:directBootAware="false"
113-->[androidx.work:work-runtime:2.4.0] AndroidManifest.xml:100:13-44
114            android:enabled="false"
114-->[androidx.work:work-runtime:2.4.0] AndroidManifest.xml:101:13-36
115            android:exported="false" >
115-->[androidx.work:work-runtime:2.4.0] AndroidManifest.xml:102:13-37
116            <intent-filter>
116-->[androidx.work:work-runtime:2.4.0] AndroidManifest.xml:104:13-106:29
117                <action android:name="android.net.conn.CONNECTIVITY_CHANGE" />
117-->[androidx.work:work-runtime:2.4.0] AndroidManifest.xml:105:17-79
117-->[androidx.work:work-runtime:2.4.0] AndroidManifest.xml:105:25-76
118            </intent-filter>
119        </receiver>
120        <receiver
120-->[androidx.work:work-runtime:2.4.0] AndroidManifest.xml:108:9-119:20
121            android:name="androidx.work.impl.background.systemalarm.RescheduleReceiver"
121-->[androidx.work:work-runtime:2.4.0] AndroidManifest.xml:109:13-88
122            android:directBootAware="false"
122-->[androidx.work:work-runtime:2.4.0] AndroidManifest.xml:110:13-44
123            android:enabled="false"
123-->[androidx.work:work-runtime:2.4.0] AndroidManifest.xml:111:13-36
124            android:exported="false" >
124-->[androidx.work:work-runtime:2.4.0] AndroidManifest.xml:112:13-37
125            <intent-filter>
125-->[androidx.work:work-runtime:2.4.0] AndroidManifest.xml:114:13-118:29
126                <action android:name="android.intent.action.BOOT_COMPLETED" />
126-->[androidx.work:work-runtime:2.4.0] AndroidManifest.xml:115:17-79
126-->[androidx.work:work-runtime:2.4.0] AndroidManifest.xml:115:25-76
127                <action android:name="android.intent.action.TIME_SET" />
127-->[androidx.work:work-runtime:2.4.0] AndroidManifest.xml:116:17-73
127-->[androidx.work:work-runtime:2.4.0] AndroidManifest.xml:116:25-70
128                <action android:name="android.intent.action.TIMEZONE_CHANGED" />
128-->[androidx.work:work-runtime:2.4.0] AndroidManifest.xml:117:17-81
128-->[androidx.work:work-runtime:2.4.0] AndroidManifest.xml:117:25-78
129            </intent-filter>
130        </receiver>
131        <receiver
131-->[androidx.work:work-runtime:2.4.0] AndroidManifest.xml:120:9-129:20
132            android:name="androidx.work.impl.background.systemalarm.ConstraintProxyUpdateReceiver"
132-->[androidx.work:work-runtime:2.4.0] AndroidManifest.xml:121:13-99
133            android:directBootAware="false"
133-->[androidx.work:work-runtime:2.4.0] AndroidManifest.xml:122:13-44
134            android:enabled="@bool/enable_system_alarm_service_default"
134-->[androidx.work:work-runtime:2.4.0] AndroidManifest.xml:123:13-72
135            android:exported="false" >
135-->[androidx.work:work-runtime:2.4.0] AndroidManifest.xml:124:13-37
136            <intent-filter>
136-->[androidx.work:work-runtime:2.4.0] AndroidManifest.xml:126:13-128:29
137                <action android:name="androidx.work.impl.background.systemalarm.UpdateProxies" />
137-->[androidx.work:work-runtime:2.4.0] AndroidManifest.xml:127:17-98
137-->[androidx.work:work-runtime:2.4.0] AndroidManifest.xml:127:25-95
138            </intent-filter>
139        </receiver>
140        <receiver
140-->[androidx.work:work-runtime:2.4.0] AndroidManifest.xml:130:9-140:20
141            android:name="androidx.work.impl.diagnostics.DiagnosticsReceiver"
141-->[androidx.work:work-runtime:2.4.0] AndroidManifest.xml:131:13-78
142            android:directBootAware="false"
142-->[androidx.work:work-runtime:2.4.0] AndroidManifest.xml:132:13-44
143            android:enabled="true"
143-->[androidx.work:work-runtime:2.4.0] AndroidManifest.xml:133:13-35
144            android:exported="true"
144-->[androidx.work:work-runtime:2.4.0] AndroidManifest.xml:134:13-36
145            android:permission="android.permission.DUMP" >
145-->[androidx.work:work-runtime:2.4.0] AndroidManifest.xml:135:13-57
146            <intent-filter>
146-->[androidx.work:work-runtime:2.4.0] AndroidManifest.xml:137:13-139:29
147                <action android:name="androidx.work.diagnostics.REQUEST_DIAGNOSTICS" />
147-->[androidx.work:work-runtime:2.4.0] AndroidManifest.xml:138:17-88
147-->[androidx.work:work-runtime:2.4.0] AndroidManifest.xml:138:25-85
148            </intent-filter>
149        </receiver>
150
151        <service
151-->[com.google.firebase:firebase-firestore:22.0.0] AndroidManifest.xml:17:9-23:19
152            android:name="com.google.firebase.components.ComponentDiscoveryService"
152-->[com.google.firebase:firebase-firestore:22.0.0] AndroidManifest.xml:18:13-84
153            android:directBootAware="true"
153-->[com.google.firebase:firebase-common:19.3.1] AndroidManifest.xml:35:13-43
154            android:exported="false" >
154-->[com.google.firebase:firebase-firestore:22.0.0] AndroidManifest.xml:19:13-37
155            <meta-data
155-->[com.google.firebase:firebase-firestore:22.0.0] AndroidManifest.xml:20:13-22:85
156                android:name="com.google.firebase.components:com.google.firebase.firestore.FirestoreRegistrar"
156-->[com.google.firebase:firebase-firestore:22.0.0] AndroidManifest.xml:21:17-111
157                android:value="com.google.firebase.components.ComponentRegistrar" />
157-->[com.google.firebase:firebase-firestore:22.0.0] AndroidManifest.xml:22:17-82
158            <meta-data
158-->[com.google.android.gms:play-services-measurement-api:18.0.0] AndroidManifest.xml:30:13-32:85
159                android:name="com.google.firebase.components:com.google.firebase.analytics.connector.internal.AnalyticsConnectorRegistrar"
159-->[com.google.android.gms:play-services-measurement-api:18.0.0] AndroidManifest.xml:31:17-139
160                android:value="com.google.firebase.components.ComponentRegistrar" />
160-->[com.google.android.gms:play-services-measurement-api:18.0.0] AndroidManifest.xml:32:17-82
161            <meta-data
161-->[com.google.firebase:firebase-installations:16.3.3] AndroidManifest.xml:17:13-19:85
162                android:name="com.google.firebase.components:com.google.firebase.installations.FirebaseInstallationsRegistrar"
162-->[com.google.firebase:firebase-installations:16.3.3] AndroidManifest.xml:18:17-127
163                android:value="com.google.firebase.components.ComponentRegistrar" />
163-->[com.google.firebase:firebase-installations:16.3.3] AndroidManifest.xml:19:17-82
164        </service>
165
166        <provider
166-->[com.google.firebase:firebase-common:19.3.1] AndroidManifest.xml:26:9-31:39
167            android:name="com.google.firebase.provider.FirebaseInitProvider"
167-->[com.google.firebase:firebase-common:19.3.1] AndroidManifest.xml:27:13-77
168            android:authorities="es.upv.no2v1.firebaseinitprovider"
168-->[com.google.firebase:firebase-common:19.3.1] AndroidManifest.xml:28:13-72
169            android:directBootAware="true"
169-->[com.google.firebase:firebase-common:19.3.1] AndroidManifest.xml:29:13-43
170            android:exported="false"
170-->[com.google.firebase:firebase-common:19.3.1] AndroidManifest.xml:30:13-37
171            android:initOrder="100" />
171-->[com.google.firebase:firebase-common:19.3.1] AndroidManifest.xml:31:13-36
172
173        <activity
173-->[com.google.android.gms:play-services-base:17.0.0] AndroidManifest.xml:23:9-26:75
174            android:name="com.google.android.gms.common.api.GoogleApiActivity"
174-->[com.google.android.gms:play-services-base:17.0.0] AndroidManifest.xml:24:13-79
175            android:exported="false"
175-->[com.google.android.gms:play-services-base:17.0.0] AndroidManifest.xml:25:13-37
176            android:theme="@android:style/Theme.Translucent.NoTitleBar" />
176-->[com.google.android.gms:play-services-base:17.0.0] AndroidManifest.xml:26:13-72
177
178        <receiver
178-->[com.google.android.gms:play-services-measurement:18.0.0] AndroidManifest.xml:29:9-33:20
179            android:name="com.google.android.gms.measurement.AppMeasurementReceiver"
179-->[com.google.android.gms:play-services-measurement:18.0.0] AndroidManifest.xml:30:13-85
180            android:enabled="true"
180-->[com.google.android.gms:play-services-measurement:18.0.0] AndroidManifest.xml:31:13-35
181            android:exported="false" >
181-->[com.google.android.gms:play-services-measurement:18.0.0] AndroidManifest.xml:32:13-37
182        </receiver>
183
184        <service
184-->[com.google.android.gms:play-services-measurement:18.0.0] AndroidManifest.xml:35:9-38:40
185            android:name="com.google.android.gms.measurement.AppMeasurementService"
185-->[com.google.android.gms:play-services-measurement:18.0.0] AndroidManifest.xml:36:13-84
186            android:enabled="true"
186-->[com.google.android.gms:play-services-measurement:18.0.0] AndroidManifest.xml:37:13-35
187            android:exported="false" />
187-->[com.google.android.gms:play-services-measurement:18.0.0] AndroidManifest.xml:38:13-37
188        <service
188-->[com.google.android.gms:play-services-measurement:18.0.0] AndroidManifest.xml:39:9-43:72
189            android:name="com.google.android.gms.measurement.AppMeasurementJobService"
189-->[com.google.android.gms:play-services-measurement:18.0.0] AndroidManifest.xml:40:13-87
190            android:enabled="true"
190-->[com.google.android.gms:play-services-measurement:18.0.0] AndroidManifest.xml:41:13-35
191            android:exported="false"
191-->[com.google.android.gms:play-services-measurement:18.0.0] AndroidManifest.xml:42:13-37
192            android:permission="android.permission.BIND_JOB_SERVICE" />
192-->[com.google.android.gms:play-services-measurement:18.0.0] AndroidManifest.xml:43:13-69
193
194        <meta-data
194-->[com.google.android.gms:play-services-basement:17.0.0] AndroidManifest.xml:23:9-25:69
195            android:name="com.google.android.gms.version"
195-->[com.google.android.gms:play-services-basement:17.0.0] AndroidManifest.xml:24:13-58
196            android:value="@integer/google_play_services_version" />
196-->[com.google.android.gms:play-services-basement:17.0.0] AndroidManifest.xml:25:13-66
197
198        <service
198-->[androidx.room:room-runtime:2.2.5] AndroidManifest.xml:25:9-28:40
199            android:name="androidx.room.MultiInstanceInvalidationService"
199-->[androidx.room:room-runtime:2.2.5] AndroidManifest.xml:26:13-74
200            android:directBootAware="true"
200-->[androidx.room:room-runtime:2.2.5] AndroidManifest.xml:27:13-43
201            android:exported="false" />
201-->[androidx.room:room-runtime:2.2.5] AndroidManifest.xml:28:13-37
202    </application>
203
204</manifest>